C:\Users\eball\OneDrive - shoplynch.com\Desktop\Code\Thoron\backend\node_modules\@prisma\client\src\runtime\getPrismaClient.ts:260
        throw new PrismaClientInitializationError(
              ^

PrismaClientInitializationError: `PrismaClient` needs to be constructed with a non-empty, valid `PrismaClientOptions`:

```
new PrismaClient({
  ...
})
```

or

```
constructor() {
  super({ ... });
}
```
          
    at new t (C:\Users\eball\OneDrive - shoplynch.com\Desktop\Code\Thoron\backend\node_modules\@prisma\client\src\runtime\getPrismaClient.ts:260:15)
    at <anonymous> (C:\Users\eball\OneDrive - shoplynch.com\Desktop\Code\Thoron\backend\prisma\seed.ts:5:16)
    at ModuleJob.run (node:internal/modules/esm/module_job:430:25)
    at async onImport.tracePromise.__proto__ (node:internal/modules/esm/loader:661:26)
    at async asyncRunEntryPointWithESMLoader (node:internal/modules/run_main:101:5) {
  clientVersion: '7.4.2',
  errorCode: undefined,
  retryable: undefined
}

Node.js v24.13.1
